\BOOKMARK [0][-]{chapter.0}{The Basics}{}% 1
\BOOKMARK [1][-]{section.0.1}{Numbers}{chapter.0}% 2
\BOOKMARK [1][-]{section.0.2}{Sets}{chapter.0}% 3
\BOOKMARK [1][-]{section.0.3}{Other Important Sets}{chapter.0}% 4
\BOOKMARK [1][-]{section.0.4}{Functions}{chapter.0}% 5
\BOOKMARK [1][-]{section.0.5}{Parsing Formulas}{chapter.0}% 6
\BOOKMARK [1][-]{section.0.6}{Inverse Functions}{chapter.0}% 7
\BOOKMARK [0][-]{chapter.1}{Limits}{}% 8
\BOOKMARK [1][-]{section.1.1}{Drawing Tangents and a First Limit}{chapter.1}% 9
\BOOKMARK [1][-]{section.1.2}{Another Limit and Computing Velocity}{chapter.1}% 10
\BOOKMARK [1][-]{section.1.3}{The Limit of a Function}{chapter.1}% 11
\BOOKMARK [1][-]{section.1.4}{Calculating Limits with Limit Laws}{chapter.1}% 12
\BOOKMARK [1][-]{section.1.5}{Limits at Infinity}{chapter.1}% 13
\BOOKMARK [1][-]{section.1.6}{Continuity}{chapter.1}% 14
\BOOKMARK [1][-]{section.1.7}{\(Optional\) \204 Making the Informal a Little More Formal}{chapter.1}% 15
\BOOKMARK [1][-]{section.1.8}{\(Optional\) \204 Making Infinite Limits a Little More Formal}{chapter.1}% 16
\BOOKMARK [1][-]{section.1.9}{\(Optional\) \204 Proving the Arithmetic of Limits}{chapter.1}% 17
\BOOKMARK [0][-]{chapter.2}{Derivatives}{}% 18
\BOOKMARK [1][-]{section.2.1}{Revisiting Tangent Lines}{chapter.2}% 19
\BOOKMARK [1][-]{section.2.2}{Definition of the Derivative}{chapter.2}% 20
\BOOKMARK [1][-]{section.2.3}{Interpretations of the Derivative}{chapter.2}% 21
\BOOKMARK [1][-]{section.2.4}{Arithmetic of Derivatives - a Differentiation Toolbox}{chapter.2}% 22
\BOOKMARK [1][-]{section.2.5}{Proofs of the Arithmetic of Derivatives}{chapter.2}% 23
\BOOKMARK [1][-]{section.2.6}{Using the Arithmetic of Derivatives \205 Examples}{chapter.2}% 24
\BOOKMARK [1][-]{section.2.7}{Derivatives of Exponential Functions}{chapter.2}% 25
\BOOKMARK [1][-]{section.2.8}{Derivatives of Trigonometric Functions}{chapter.2}% 26
\BOOKMARK [1][-]{section.2.9}{One More Tool \205 the Chain Rule}{chapter.2}% 27
\BOOKMARK [1][-]{section.2.10}{The Natural Logarithm}{chapter.2}% 28
\BOOKMARK [1][-]{section.2.11}{Implicit Differentiation}{chapter.2}% 29
\BOOKMARK [1][-]{section.2.12}{Inverse Trigonometric Functions}{chapter.2}% 30
\BOOKMARK [1][-]{section.2.13}{The Mean Value Theorem}{chapter.2}% 31
\BOOKMARK [1][-]{section.2.14}{Higher Order Derivatives}{chapter.2}% 32
\BOOKMARK [1][-]{section.2.15}{\(Optional\) \204 Is limxcf'\(x\) Equal to f'\(c\)?}{chapter.2}% 33
\BOOKMARK [0][-]{chapter.3}{Applications of Derivatives}{}% 34
\BOOKMARK [1][-]{section.3.1}{Velocity and Acceleration}{chapter.3}% 35
\BOOKMARK [1][-]{section.3.2}{Related Rates}{chapter.3}% 36
\BOOKMARK [1][-]{section.3.3}{Exponential Growth and Decay \204 a First Look at Differential Equations}{chapter.3}% 37
\BOOKMARK [2][-]{subsection.3.3.1}{Carbon Dating}{section.3.3}% 38
\BOOKMARK [2][-]{subsection.3.3.2}{Newton's Law of Cooling}{section.3.3}% 39
\BOOKMARK [2][-]{subsection.3.3.3}{Population Growth}{section.3.3}% 40
\BOOKMARK [1][-]{section.3.4}{Approximating Functions Near a Specified Point \204 Taylor Polynomials}{chapter.3}% 41
\BOOKMARK [2][-]{subsection.3.4.1}{Zeroth Approximation \204 the Constant Approximation}{section.3.4}% 42
\BOOKMARK [2][-]{subsection.3.4.2}{First Approximation \204 the Linear approximation}{section.3.4}% 43
\BOOKMARK [2][-]{subsection.3.4.3}{Second Approximation \204 the Quadratic Approximation}{section.3.4}% 44
\BOOKMARK [2][-]{subsection.3.4.4}{Still Better Approximations \204 Taylor Polynomials}{section.3.4}% 45
\BOOKMARK [2][-]{subsection.3.4.5}{Some Examples}{section.3.4}% 46
\BOOKMARK [2][-]{subsection.3.4.6}{Estimating Change and x, y Notation}{section.3.4}% 47
\BOOKMARK [2][-]{subsection.3.4.7}{Further Examples}{section.3.4}% 48
\BOOKMARK [2][-]{subsection.3.4.8}{The Error in the Taylor Polynomial Approximations}{section.3.4}% 49
\BOOKMARK [2][-]{subsection.3.4.9}{\(Optional\) \204 Derivation of the Error Formulae}{section.3.4}% 50
\BOOKMARK [1][-]{section.3.5}{Optimisation}{chapter.3}% 51
\BOOKMARK [2][-]{subsection.3.5.1}{Local and Global Maxima and Minima}{section.3.5}% 52
\BOOKMARK [2][-]{subsection.3.5.2}{Finding Global Maxima and Minima}{section.3.5}% 53
\BOOKMARK [2][-]{subsection.3.5.3}{Max/Min Examples}{section.3.5}% 54
\BOOKMARK [1][-]{section.3.6}{Sketching Graphs}{chapter.3}% 55
\BOOKMARK [2][-]{subsection.3.6.1}{Domain, Intercepts and Asymptotes}{section.3.6}% 56
\BOOKMARK [2][-]{subsection.3.6.2}{First Derivative \204 Increasing or Decreasing}{section.3.6}% 57
\BOOKMARK [2][-]{subsection.3.6.3}{Second Derivative \204 Concavity}{section.3.6}% 58
\BOOKMARK [2][-]{subsection.3.6.4}{Symmetries}{section.3.6}% 59
\BOOKMARK [2][-]{subsection.3.6.5}{A Checklist for Sketching}{section.3.6}% 60
\BOOKMARK [2][-]{subsection.3.6.6}{Sketching Examples}{section.3.6}% 61
\BOOKMARK [1][-]{section.3.7}{L'H\364pital's Rule and Indeterminate Forms}{chapter.3}% 62
\BOOKMARK [2][-]{subsection.3.7.1}{Standard Examples}{section.3.7}% 63
\BOOKMARK [2][-]{subsection.3.7.2}{Variations}{section.3.7}% 64
\BOOKMARK [0][-]{chapter.4}{Towards Integral Calculus}{}% 65
\BOOKMARK [1][-]{section.4.1}{Introduction to Antiderivatives}{chapter.4}% 66
\BOOKMARK [0][-]{appendix.A}{High School Material}{}% 67
\BOOKMARK [1][-]{section.A.1}{Similar Triangles}{appendix.A}% 68
\BOOKMARK [1][-]{section.A.2}{Pythagoras}{appendix.A}% 69
\BOOKMARK [1][-]{section.A.3}{Trigonometry \204 Definitions}{appendix.A}% 70
\BOOKMARK [1][-]{section.A.4}{Radians, Arcs and Sectors}{appendix.A}% 71
\BOOKMARK [1][-]{section.A.5}{Trigonometry \204 Graphs}{appendix.A}% 72
\BOOKMARK [1][-]{section.A.6}{Trigonometry \204 Special Triangles}{appendix.A}% 73
\BOOKMARK [1][-]{section.A.7}{Trigonometry \204 Simple Identities}{appendix.A}% 74
\BOOKMARK [1][-]{section.A.8}{Trigonometry \204 Add and Subtract Angles}{appendix.A}% 75
\BOOKMARK [1][-]{section.A.9}{Inverse Trigonometric Functions}{appendix.A}% 76
\BOOKMARK [1][-]{section.A.10}{Areas}{appendix.A}% 77
\BOOKMARK [1][-]{section.A.11}{Volumes}{appendix.A}% 78
\BOOKMARK [1][-]{section.A.12}{Powers}{appendix.A}% 79
\BOOKMARK [1][-]{section.A.13}{Logarithms}{appendix.A}% 80
\BOOKMARK [1][-]{section.A.14}{Highschool Material You Should be Able to Derive}{appendix.A}% 81
\BOOKMARK [0][-]{appendix.B}{Origin of Trig, Area and Volume Formulas}{}% 82
\BOOKMARK [1][-]{section.B.1}{Theorems about Triangles}{appendix.B}% 83
\BOOKMARK [2][-]{subsection.B.1.1}{Thales' Theorem}{section.B.1}% 84
\BOOKMARK [2][-]{subsection.B.1.2}{Pythagoras}{section.B.1}% 85
\BOOKMARK [1][-]{section.B.2}{Trigonometry}{appendix.B}% 86
\BOOKMARK [2][-]{subsection.B.2.1}{Angles \204 Radians vs Degrees}{section.B.2}% 87
\BOOKMARK [2][-]{subsection.B.2.2}{Trig Function Definitions}{section.B.2}% 88
\BOOKMARK [2][-]{subsection.B.2.3}{Important Triangles}{section.B.2}% 89
\BOOKMARK [2][-]{subsection.B.2.4}{Some More Simple Identities}{section.B.2}% 90
\BOOKMARK [2][-]{subsection.B.2.5}{Identities \204 Adding Angles}{section.B.2}% 91
\BOOKMARK [2][-]{subsection.B.2.6}{Identities \204 Double-angle Formulas}{section.B.2}% 92
\BOOKMARK [2][-]{subsection.B.2.7}{Identities \204 Extras}{section.B.2}% 93
\BOOKMARK [1][-]{section.B.3}{Inverse Trigonometric Functions}{appendix.B}% 94
\BOOKMARK [1][-]{section.B.4}{Cosine and Sine Laws}{appendix.B}% 95
\BOOKMARK [2][-]{subsection.B.4.1}{Cosine Law or Law of Cosines}{section.B.4}% 96
\BOOKMARK [2][-]{subsection.B.4.2}{Sine Law or Law of Sines}{section.B.4}% 97
\BOOKMARK [1][-]{section.B.5}{Circles, cones and spheres}{appendix.B}% 98
\BOOKMARK [2][-]{subsection.B.5.1}{Where Does the Formula for the Area of a Circle Come From?}{section.B.5}% 99
\BOOKMARK [2][-]{subsection.B.5.2}{Where Do These Volume Formulas Come From?}{section.B.5}% 100
\BOOKMARK [0][-]{appendix.C}{Root Finding}{}% 101
\BOOKMARK [1][-]{section.C.1}{Newton's Method}{appendix.C}% 102
\BOOKMARK [1][-]{section.C.2}{The Error Behaviour of Newton's Method}{appendix.C}% 103
\BOOKMARK [1][-]{section.C.3}{The false position \(regula falsi\) method}{appendix.C}% 104
\BOOKMARK [1][-]{section.C.4}{The secant method}{appendix.C}% 105
\BOOKMARK [1][-]{section.C.5}{The Error Behaviour of the Secant Method}{appendix.C}% 106
