\BOOKMARK [0][-]{chapter*.1}{How to use this book}{}% 1
\BOOKMARK [-1][-]{part.1}{I The questions}{}% 2
\BOOKMARK [0][-]{chapter.1}{Limits}{part.1}% 3
\BOOKMARK [1][-]{section.1.1}{Drawing Tangents and a First Limit}{chapter.1}% 4
\BOOKMARK [1][-]{section.1.2}{Another Limit and Computing Velocity}{chapter.1}% 5
\BOOKMARK [1][-]{section.1.3}{The Limit of a Function}{chapter.1}% 6
\BOOKMARK [1][-]{section.1.4}{Calculating Limits with Limit Laws}{chapter.1}% 7
\BOOKMARK [1][-]{section.1.5}{Limits at Infinity}{chapter.1}% 8
\BOOKMARK [1][-]{section.1.6}{Continuity}{chapter.1}% 9
\BOOKMARK [0][-]{chapter.2}{Derivatives}{part.1}% 10
\BOOKMARK [1][-]{section.2.1}{Revisiting tangent lines}{chapter.2}% 11
\BOOKMARK [1][-]{section.2.2}{Definition of the derivative}{chapter.2}% 12
\BOOKMARK [1][-]{section.2.3}{Interpretations of the derivative}{chapter.2}% 13
\BOOKMARK [1][-]{section.2.4}{Arithmetic of derivatives - a differentiation toolbox}{chapter.2}% 14
\BOOKMARK [1][-]{section.2.5}{Proofs of the arithmetic of derivatives}{chapter.2}% 15
\BOOKMARK [1][-]{section.2.6}{Using the arithmetic of derivatives - examples}{chapter.2}% 16
\BOOKMARK [1][-]{section.2.7}{Derivatives of Exponential Functions}{chapter.2}% 17
\BOOKMARK [1][-]{section.2.8}{Derivatives of trigonometric functions}{chapter.2}% 18
\BOOKMARK [1][-]{section.2.9}{One more tool - the chain rule}{chapter.2}% 19
\BOOKMARK [1][-]{section.2.10}{The natural logarithm}{chapter.2}% 20
\BOOKMARK [1][-]{section.2.11}{Implicit Differentiation}{chapter.2}% 21
\BOOKMARK [1][-]{section.2.12}{Inverse Trigonometric Functions}{chapter.2}% 22
\BOOKMARK [1][-]{section.2.13}{The Mean Value Theorem}{chapter.2}% 23
\BOOKMARK [1][-]{section.2.14}{Higher Order Derivatives}{chapter.2}% 24
\BOOKMARK [0][-]{chapter.3}{Applications of derivatives}{part.1}% 25
\BOOKMARK [1][-]{section.3.1}{Velocity and acceleration}{chapter.3}% 26
\BOOKMARK [1][-]{section.3.2}{Related Rates}{chapter.3}% 27
\BOOKMARK [1][-]{section.3.3}{Exponential Growth and Decay}{chapter.3}% 28
\BOOKMARK [2][-]{subsection.3.3.1}{Carbon Dating}{section.3.3}% 29
\BOOKMARK [2][-]{subsection.3.3.2}{Newton's Law of Cooling}{section.3.3}% 30
\BOOKMARK [2][-]{subsection.3.3.3}{Population Growth}{section.3.3}% 31
\BOOKMARK [2][-]{subsection.3.3.4}{Further problems}{section.3.3}% 32
\BOOKMARK [1][-]{section.3.4}{Taylor polynomials}{chapter.3}% 33
\BOOKMARK [2][-]{subsection.3.4.1}{Zeroeth Approximation}{section.3.4}% 34
\BOOKMARK [2][-]{subsection.3.4.2}{First Approximation}{section.3.4}% 35
\BOOKMARK [2][-]{subsection.3.4.3}{Second Approximation}{section.3.4}% 36
\BOOKMARK [2][-]{subsection.3.4.4}{Still Better Approximations}{section.3.4}% 37
\BOOKMARK [2][-]{subsection.3.4.5}{Some Examples}{section.3.4}% 38
\BOOKMARK [2][-]{subsection.3.4.6}{Estimating Changes and x, y notation}{section.3.4}% 39
\BOOKMARK [2][-]{subsection.3.4.7}{Further Examples}{section.3.4}% 40
\BOOKMARK [2][-]{subsection.3.4.8}{The error in Taylor polynomial approximation}{section.3.4}% 41
\BOOKMARK [2][-]{subsection.3.4.9}{Further problems}{section.3.4}% 42
\BOOKMARK [1][-]{section.3.5}{Optimization}{chapter.3}% 43
\BOOKMARK [2][-]{subsection.3.5.1}{Local and global maxima and minima}{section.3.5}% 44
\BOOKMARK [2][-]{subsection.3.5.2}{Finding global maxima and minima}{section.3.5}% 45
\BOOKMARK [2][-]{subsection.3.5.3}{Max/min examples}{section.3.5}% 46
\BOOKMARK [1][-]{section.3.6}{Sketching Graphs}{chapter.3}% 47
\BOOKMARK [2][-]{subsection.3.6.1}{Domain, intercepts and asymptotes}{section.3.6}% 48
\BOOKMARK [2][-]{subsection.3.6.2}{First derivative - increasing or decreasing}{section.3.6}% 49
\BOOKMARK [2][-]{subsection.3.6.3}{Second derivative - concavity}{section.3.6}% 50
\BOOKMARK [2][-]{subsection.3.6.4}{Symmetries}{section.3.6}% 51
\BOOKMARK [2][-]{subsection.3.6.5}{A checklist for sketching}{section.3.6}% 52
\BOOKMARK [2][-]{subsection.3.6.6}{Sketching examples}{section.3.6}% 53
\BOOKMARK [1][-]{section.3.7}{L'H\364pital's Rule and indeterminate forms}{chapter.3}% 54
\BOOKMARK [0][-]{chapter.4}{Towards Integral Calculus}{part.1}% 55
\BOOKMARK [1][-]{section.4.1}{Introduction to antiderivatives}{chapter.4}% 56
\BOOKMARK [-1][-]{part.2}{II Hints to problems}{}% 57
\BOOKMARK [0][-]{section*.3}{1.1 \040 Drawing Tangents and a First Limit}{part.2}% 58
\BOOKMARK [1][-]{section*.4}{1.2 \040 Another Limit and Computing Velocity}{section*.3}% 59
\BOOKMARK [1][-]{section*.5}{1.3 \040 The Limit of a Function}{section*.3}% 60
\BOOKMARK [1][-]{section*.6}{1.4 \040 Calculating Limits with Limit Laws}{section*.3}% 61
\BOOKMARK [1][-]{section*.7}{1.5 \040 Limits at Infinity}{section*.3}% 62
\BOOKMARK [1][-]{section*.8}{1.6 \040 Continuity}{section*.3}% 63
\BOOKMARK [1][-]{section*.9}{2.1 \040 Revisiting tangent lines}{section*.3}% 64
\BOOKMARK [1][-]{section*.10}{2.2 \040 Definition of the derivative}{section*.3}% 65
\BOOKMARK [1][-]{section*.11}{2.3 \040 Interpretations of the derivative}{section*.3}% 66
\BOOKMARK [1][-]{section*.12}{2.4 \040 Arithmetic of derivatives - a differentiation toolbox}{section*.3}% 67
\BOOKMARK [1][-]{section*.13}{2.5 \040 Proofs of the arithmetic of derivatives}{section*.3}% 68
\BOOKMARK [1][-]{section*.14}{2.6 \040 Using the arithmetic of derivatives - examples}{section*.3}% 69
\BOOKMARK [1][-]{section*.15}{2.7 \040 Derivatives of Exponential Functions}{section*.3}% 70
\BOOKMARK [1][-]{section*.16}{2.8 \040 Derivatives of trigonometric functions}{section*.3}% 71
\BOOKMARK [1][-]{section*.17}{2.9 \040 One more tool - the chain rule}{section*.3}% 72
\BOOKMARK [1][-]{section*.18}{2.10 \040 The natural logarithm}{section*.3}% 73
\BOOKMARK [1][-]{section*.19}{2.11 \040 Implicit Differentiation}{section*.3}% 74
\BOOKMARK [1][-]{section*.20}{2.12 \040 Inverse Trigonometric Functions}{section*.3}% 75
\BOOKMARK [1][-]{section*.21}{2.13 \040 The Mean Value Theorem}{section*.3}% 76
\BOOKMARK [1][-]{section*.22}{2.14 \040 Higher Order Derivatives}{section*.3}% 77
\BOOKMARK [1][-]{section*.23}{3.1 \040 Velocity and acceleration}{section*.3}% 78
\BOOKMARK [1][-]{section*.24}{3.2 \040 Related Rates}{section*.3}% 79
\BOOKMARK [1][-]{section*.25}{3.3.1 \040 Carbon Dating}{section*.3}% 80
\BOOKMARK [1][-]{section*.26}{3.3.2 \040 Newton's Law of Cooling}{section*.3}% 81
\BOOKMARK [1][-]{section*.27}{3.3.3 \040 Population Growth}{section*.3}% 82
\BOOKMARK [1][-]{section*.28}{3.3.4 \040 Further problems}{section*.3}% 83
\BOOKMARK [1][-]{section*.29}{3.4.1 \040 Zeroeth Approximation}{section*.3}% 84
\BOOKMARK [1][-]{section*.30}{3.4.2 \040 First Approximation}{section*.3}% 85
\BOOKMARK [1][-]{section*.31}{3.4.3 \040 Second Approximation}{section*.3}% 86
\BOOKMARK [1][-]{section*.32}{3.4.4 \040 Still Better Approximations}{section*.3}% 87
\BOOKMARK [1][-]{section*.33}{3.4.5 \040 Some Examples}{section*.3}% 88
\BOOKMARK [1][-]{section*.34}{3.4.6 \040 Estimating Changes and x, y notation}{section*.3}% 89
\BOOKMARK [1][-]{section*.35}{3.4.7 \040 Further Examples}{section*.3}% 90
\BOOKMARK [1][-]{section*.36}{3.4.8 \040 The error in Taylor polynomial approximation}{section*.3}% 91
\BOOKMARK [1][-]{section*.37}{3.4.9 \040 Further problems}{section*.3}% 92
\BOOKMARK [1][-]{section*.38}{3.5.1 \040 Local and global maxima and minima}{section*.3}% 93
\BOOKMARK [1][-]{section*.39}{3.5.2 \040 Finding global maxima and minima}{section*.3}% 94
\BOOKMARK [1][-]{section*.40}{3.5.3 \040 Max/min examples}{section*.3}% 95
\BOOKMARK [1][-]{section*.41}{3.6.1 \040 Domain, intercepts and asymptotes}{section*.3}% 96
\BOOKMARK [1][-]{section*.42}{3.6.2 \040 First derivative - increasing or decreasing}{section*.3}% 97
\BOOKMARK [1][-]{section*.43}{3.6.3 \040 Second derivative - concavity}{section*.3}% 98
\BOOKMARK [1][-]{section*.44}{3.6.4 \040 Symmetries}{section*.3}% 99
\BOOKMARK [1][-]{section*.45}{3.6.5 \040 A checklist for sketching}{section*.3}% 100
\BOOKMARK [1][-]{section*.46}{3.6.6 \040 Sketching examples}{section*.3}% 101
\BOOKMARK [1][-]{section*.47}{3.7 \040 L'H\364pital's Rule and indeterminate forms}{section*.3}% 102
\BOOKMARK [1][-]{section*.48}{4.1 \040 Introduction to antiderivatives}{section*.3}% 103
\BOOKMARK [-1][-]{part.3}{III Answers to problems}{}% 104
\BOOKMARK [0][-]{section*.49}{1.1 \040 Drawing Tangents and a First Limit}{part.3}% 105
\BOOKMARK [1][-]{section*.50}{1.2 \040 Another Limit and Computing Velocity}{section*.49}% 106
\BOOKMARK [1][-]{section*.51}{1.3 \040 The Limit of a Function}{section*.49}% 107
\BOOKMARK [1][-]{section*.52}{1.4 \040 Calculating Limits with Limit Laws}{section*.49}% 108
\BOOKMARK [1][-]{section*.53}{1.5 \040 Limits at Infinity}{section*.49}% 109
\BOOKMARK [1][-]{section*.54}{1.6 \040 Continuity}{section*.49}% 110
\BOOKMARK [1][-]{section*.55}{2.1 \040 Revisiting tangent lines}{section*.49}% 111
\BOOKMARK [1][-]{section*.56}{2.2 \040 Definition of the derivative}{section*.49}% 112
\BOOKMARK [1][-]{section*.57}{2.3 \040 Interpretations of the derivative}{section*.49}% 113
\BOOKMARK [1][-]{section*.58}{2.4 \040 Arithmetic of derivatives - a differentiation toolbox}{section*.49}% 114
\BOOKMARK [1][-]{section*.59}{2.5 \040 Proofs of the arithmetic of derivatives}{section*.49}% 115
\BOOKMARK [1][-]{section*.60}{2.6 \040 Using the arithmetic of derivatives - examples}{section*.49}% 116
\BOOKMARK [1][-]{section*.61}{2.7 \040 Derivatives of Exponential Functions}{section*.49}% 117
\BOOKMARK [1][-]{section*.62}{2.8 \040 Derivatives of trigonometric functions}{section*.49}% 118
\BOOKMARK [1][-]{section*.63}{2.9 \040 One more tool - the chain rule}{section*.49}% 119
\BOOKMARK [1][-]{section*.64}{2.10 \040 The natural logarithm}{section*.49}% 120
\BOOKMARK [1][-]{section*.65}{2.11 \040 Implicit Differentiation}{section*.49}% 121
\BOOKMARK [1][-]{section*.66}{2.12 \040 Inverse Trigonometric Functions}{section*.49}% 122
\BOOKMARK [1][-]{section*.67}{2.13 \040 The Mean Value Theorem}{section*.49}% 123
\BOOKMARK [1][-]{section*.68}{2.14 \040 Higher Order Derivatives}{section*.49}% 124
\BOOKMARK [1][-]{section*.69}{3.1 \040 Velocity and acceleration}{section*.49}% 125
\BOOKMARK [1][-]{section*.70}{3.2 \040 Related Rates}{section*.49}% 126
\BOOKMARK [1][-]{section*.71}{3.3.1 \040 Carbon Dating}{section*.49}% 127
\BOOKMARK [1][-]{section*.72}{3.3.2 \040 Newton's Law of Cooling}{section*.49}% 128
\BOOKMARK [1][-]{section*.73}{3.3.3 \040 Population Growth}{section*.49}% 129
\BOOKMARK [1][-]{section*.74}{3.3.4 \040 Further problems}{section*.49}% 130
\BOOKMARK [1][-]{section*.75}{3.4.1 \040 Zeroeth Approximation}{section*.49}% 131
\BOOKMARK [1][-]{section*.76}{3.4.2 \040 First Approximation}{section*.49}% 132
\BOOKMARK [1][-]{section*.77}{3.4.3 \040 Second Approximation}{section*.49}% 133
\BOOKMARK [1][-]{section*.78}{3.4.4 \040 Still Better Approximations}{section*.49}% 134
\BOOKMARK [1][-]{section*.79}{3.4.5 \040 Some Examples}{section*.49}% 135
\BOOKMARK [1][-]{section*.80}{3.4.6 \040 Estimating Changes and x, y notation}{section*.49}% 136
\BOOKMARK [1][-]{section*.81}{3.4.7 \040 Further Examples}{section*.49}% 137
\BOOKMARK [1][-]{section*.82}{3.4.8 \040 The error in Taylor polynomial approximation}{section*.49}% 138
\BOOKMARK [1][-]{section*.83}{3.4.9 \040 Further problems}{section*.49}% 139
\BOOKMARK [1][-]{section*.84}{3.5.1 \040 Local and global maxima and minima}{section*.49}% 140
\BOOKMARK [1][-]{section*.85}{3.5.2 \040 Finding global maxima and minima}{section*.49}% 141
\BOOKMARK [1][-]{section*.86}{3.5.3 \040 Max/min examples}{section*.49}% 142
\BOOKMARK [1][-]{section*.87}{3.6.1 \040 Domain, intercepts and asymptotes}{section*.49}% 143
\BOOKMARK [1][-]{section*.88}{3.6.2 \040 First derivative - increasing or decreasing}{section*.49}% 144
\BOOKMARK [1][-]{section*.89}{3.6.3 \040 Second derivative - concavity}{section*.49}% 145
\BOOKMARK [1][-]{section*.90}{3.6.4 \040 Symmetries}{section*.49}% 146
\BOOKMARK [1][-]{section*.91}{3.6.5 \040 A checklist for sketching}{section*.49}% 147
\BOOKMARK [1][-]{section*.92}{3.6.6 \040 Sketching examples}{section*.49}% 148
\BOOKMARK [1][-]{section*.93}{3.7 \040 L'H\364pital's Rule and indeterminate forms}{section*.49}% 149
\BOOKMARK [1][-]{section*.94}{4.1 \040 Introduction to antiderivatives}{section*.49}% 150
\BOOKMARK [-1][-]{part.4}{IV Solutions to problems}{}% 151
\BOOKMARK [0][-]{section*.95}{1.1 \040 Drawing Tangents and a First Limit}{part.4}% 152
\BOOKMARK [1][-]{section*.96}{1.2 \040 Another Limit and Computing Velocity}{section*.95}% 153
\BOOKMARK [1][-]{section*.97}{1.3 \040 The Limit of a Function}{section*.95}% 154
\BOOKMARK [1][-]{section*.98}{1.4 \040 Calculating Limits with Limit Laws}{section*.95}% 155
\BOOKMARK [1][-]{section*.99}{1.5 \040 Limits at Infinity}{section*.95}% 156
\BOOKMARK [1][-]{section*.100}{1.6 \040 Continuity}{section*.95}% 157
\BOOKMARK [1][-]{section*.101}{2.1 \040 Revisiting tangent lines}{section*.95}% 158
\BOOKMARK [1][-]{section*.102}{2.2 \040 Definition of the derivative}{section*.95}% 159
\BOOKMARK [1][-]{section*.103}{2.3 \040 Interpretations of the derivative}{section*.95}% 160
\BOOKMARK [1][-]{section*.104}{2.4 \040 Arithmetic of derivatives - a differentiation toolbox}{section*.95}% 161
\BOOKMARK [1][-]{section*.105}{2.5 \040 Proofs of the arithmetic of derivatives}{section*.95}% 162
\BOOKMARK [1][-]{section*.106}{2.6 \040 Using the arithmetic of derivatives - examples}{section*.95}% 163
\BOOKMARK [1][-]{section*.107}{2.7 \040 Derivatives of Exponential Functions}{section*.95}% 164
\BOOKMARK [1][-]{section*.108}{2.8 \040 Derivatives of trigonometric functions}{section*.95}% 165
\BOOKMARK [1][-]{section*.109}{2.9 \040 One more tool - the chain rule}{section*.95}% 166
\BOOKMARK [1][-]{section*.110}{2.10 \040 The natural logarithm}{section*.95}% 167
\BOOKMARK [1][-]{section*.111}{2.11 \040 Implicit Differentiation}{section*.95}% 168
\BOOKMARK [1][-]{section*.112}{2.12 \040 Inverse Trigonometric Functions}{section*.95}% 169
\BOOKMARK [1][-]{section*.113}{2.13 \040 The Mean Value Theorem}{section*.95}% 170
\BOOKMARK [1][-]{section*.114}{2.14 \040 Higher Order Derivatives}{section*.95}% 171
\BOOKMARK [1][-]{section*.115}{3.1 \040 Velocity and acceleration}{section*.95}% 172
\BOOKMARK [1][-]{section*.116}{3.2 \040 Related Rates}{section*.95}% 173
\BOOKMARK [1][-]{section*.117}{3.3.1 \040 Carbon Dating}{section*.95}% 174
\BOOKMARK [1][-]{section*.118}{3.3.2 \040 Newton's Law of Cooling}{section*.95}% 175
\BOOKMARK [1][-]{section*.119}{3.3.3 \040 Population Growth}{section*.95}% 176
\BOOKMARK [1][-]{section*.120}{3.3.4 \040 Further problems}{section*.95}% 177
\BOOKMARK [1][-]{section*.121}{3.4.1 \040 Zeroeth Approximation}{section*.95}% 178
\BOOKMARK [1][-]{section*.122}{3.4.2 \040 First Approximation}{section*.95}% 179
\BOOKMARK [1][-]{section*.123}{3.4.3 \040 Second Approximation}{section*.95}% 180
\BOOKMARK [1][-]{section*.124}{3.4.4 \040 Still Better Approximations}{section*.95}% 181
\BOOKMARK [1][-]{section*.125}{3.4.5 \040 Some Examples}{section*.95}% 182
\BOOKMARK [1][-]{section*.126}{3.4.6 \040 Estimating Changes and x, y notation}{section*.95}% 183
\BOOKMARK [1][-]{section*.127}{3.4.7 \040 Further Examples}{section*.95}% 184
\BOOKMARK [1][-]{section*.128}{3.4.8 \040 The error in Taylor polynomial approximation}{section*.95}% 185
\BOOKMARK [1][-]{section*.129}{3.4.9 \040 Further problems}{section*.95}% 186
\BOOKMARK [1][-]{section*.130}{3.5.1 \040 Local and global maxima and minima}{section*.95}% 187
\BOOKMARK [1][-]{section*.131}{3.5.2 \040 Finding global maxima and minima}{section*.95}% 188
\BOOKMARK [1][-]{section*.132}{3.5.3 \040 Max/min examples}{section*.95}% 189
\BOOKMARK [1][-]{section*.133}{3.6.1 \040 Domain, intercepts and asymptotes}{section*.95}% 190
\BOOKMARK [1][-]{section*.134}{3.6.2 \040 First derivative - increasing or decreasing}{section*.95}% 191
\BOOKMARK [1][-]{section*.135}{3.6.3 \040 Second derivative - concavity}{section*.95}% 192
\BOOKMARK [1][-]{section*.136}{3.6.4 \040 Symmetries}{section*.95}% 193
\BOOKMARK [1][-]{section*.137}{3.6.5 \040 A checklist for sketching}{section*.95}% 194
\BOOKMARK [1][-]{section*.138}{3.6.6 \040 Sketching examples}{section*.95}% 195
\BOOKMARK [1][-]{section*.139}{3.7 \040 L'H\364pital's Rule and indeterminate forms}{section*.95}% 196
\BOOKMARK [1][-]{section*.140}{4.1 \040 Introduction to antiderivatives}{section*.95}% 197
